<?xml version="1.0" encoding="UTF-8"?>
<!-- Generated by org.testng.reporters.JUnitXMLReporter -->
<testsuite hostname="BALAJI" ignored="0" name="TestNgSampleTest1" tests="3" failures="0" timestamp="30 Jan 2019 19:24:14 GMT" time="0.047" errors="0">
  <testcase name="testLogic1" time="0.004" classname="tesng.TestNgSample"/>
  <testcase name="testLogic3" time="0.005" classname="tesng.TestNgSample"/>
  <testcase name="testLogic32" time="0.005" classname="tesng.TestNgSample"/>
</testsuite> <!-- TestNgSampleTest1 -->
